#
# There is insufficient memory for the Java Runtime Environment to continue.
# Native memory allocation (malloc) failed to allocate 1048576 bytes for AllocateHeap
# Possible reasons:
#   The system is out of physical RAM or swap space
#   In 32 bit mode, the process size limit was hit
# Possible solutions:
#   Reduce memory load on the system
#   Increase physical memory or swap space
#   Check if swap backing store is full
#   Use 64 bit Java on a 64 bit OS
#   Decrease Java heap size (-Xmx/-Xms)
#   Decrease number of Java threads
#   Decrease Java thread stack sizes (-Xss)
#   Set larger code cache with -XX:ReservedCodeCacheSize=
# This output file may be truncated or incomplete.
#
#  Out of Memory Error (memory/allocation.inline.hpp:61), pid=15164, tid=0x0000000000002e78
#
# JRE version:  (8.0_131-b11) (build )
# Java VM: Java HotSpot(TM) 64-Bit Server VM (25.131-b11 mixed mode windows-amd64 compressed oops)
# Failed to write core dump. Minidumps are not enabled by default on client versions of Windows
#

---------------  T H R E A D  ---------------

Current thread (0x00000000036b7000):  JavaThread "Unknown thread" [_thread_in_vm, id=11896, stack(0x00000000034d0000,0x00000000035d0000)]

Stack: [0x00000000034d0000,0x00000000035d0000]
[error occurred during error reporting (printing stack bounds), id 0xc0000005]

Native frames: (J=compiled Java code, j=interpreted, Vv=VM code, C=native code)


---------------  P R O C E S S  ---------------

Java Threads: ( => current thread )

Other Threads:

=>0x00000000036b7000 (exited) JavaThread "Unknown thread" [_thread_in_vm, id=11896, stack(0x00000000034d0000,0x00000000035d0000)]

VM state:not at safepoint (normal execution)

VM Mutex/Monitor currently owned by a thread: None

Heap:
 PSYoungGen      total 28160K, used 491K [0x00000000e0d80000, 0x00000000e2c80000, 0x0000000100000000)
  eden space 24576K, 2% used [0x00000000e0d80000,0x00000000e0dfae20,0x00000000e2580000)
  from space 3584K, 0% used [0x00000000e2900000,0x00000000e2900000,0x00000000e2c80000)
  to   space 3584K, 0% used [0x00000000e2580000,0x00000000e2580000,0x00000000e2900000)
 ParOldGen       total 64512K, used 0K [0x00000000a2800000, 0x00000000a6700000, 0x00000000e0d80000)
  object space 64512K, 0% used [0x00000000a2800000,0x00000000a2800000,0x00000000a6700000)
 Metaspace       used 770K, capacity 4480K, committed 4480K, reserved 1056768K
  class space    used 75K, capacity 384K, committed 384K, reserved 1048576K

Card table byte_map: [0x0000000012d50000,0x0000000013040000] byte_map_base: 0x000000001283c000

Marking Bits: (ParMarkBitMap*) 0x0000000063b6c720
 Begin Bits: [0x0000000013640000, 0x0000000014da0000)
 End Bits:   [0x0000000014da0000, 0x0000000016500000)

Polling page: 0x0000000001490000

CodeCache: size=245760Kb used=327Kb max_used=327Kb free=245432Kb
 bounds [0x0000000003990000, 0x0000000003c00000, 0x0000000012990000]
 total_blobs=57 nmethods=0 adapters=38
 compilation: enabled

Compilation events (0 events):
No events

GC Heap History (0 events):
No events

Deoptimization events (0 events):
No events

Internal exceptions (0 events):
No events

Events (10 events):
Event: 0.091 loading class java/lang/Short
Event: 0.091 loading class java/lang/Short done
Event: 0.091 loading class java/lang/Integer
Event: 0.092 loading class java/lang/Integer done
Event: 0.092 loading class java/lang/Long
Event: 0.092 loading class java/lang/Long done
Event: 0.093 loading class java/lang/NullPointerException
Event: 0.094 loading class java/lang/NullPointerException done
Event: 0.094 loading class java/lang/ArithmeticException
Event: 0.094 loading class java/lang/ArithmeticException done


Dynamic libraries:
0x00007ff6eda70000 - 0x00007ff6edaa7000 	C:\Program Files\Java\jdk1.8.0_131\bin\java.exe
0x00007ff8077e0000 - 0x00007ff8079cd000 	C:\Windows\SYSTEM32\ntdll.dll
0x00007ff804dc0000 - 0x00007ff804e73000 	C:\Windows\System32\KERNEL32.DLL
0x00007ff804340000 - 0x00007ff8045d3000 	C:\Windows\System32\KERNELBASE.dll
0x00007ff806990000 - 0x00007ff806a33000 	C:\Windows\System32\ADVAPI32.dll
0x00007ff807710000 - 0x00007ff8077ae000 	C:\Windows\System32\msvcrt.dll
0x00007ff804910000 - 0x00007ff8049ae000 	C:\Windows\System32\sechost.dll
0x00007ff807320000 - 0x00007ff807442000 	C:\Windows\System32\RPCRT4.dll
0x00007ff804ab0000 - 0x00007ff804c47000 	C:\Windows\System32\USER32.dll
0x00007ff8047e0000 - 0x00007ff804800000 	C:\Windows\System32\win32u.dll
0x00007ff806b50000 - 0x00007ff806b79000 	C:\Windows\System32\GDI32.dll
0x00007ff8045e0000 - 0x00007ff804779000 	C:\Windows\System32\gdi32full.dll
0x00007ff803740000 - 0x00007ff8037e0000 	C:\Windows\System32\msvcp_win.dll
0x00007ff803640000 - 0x00007ff80373a000 	C:\Windows\System32\ucrtbase.dll
0x00007ffff49b0000 - 0x00007ffff4c29000 	C:\Windows\WinSxS\amd64_microsoft.windows.common-controls_6595b64144ccf1df_6.0.17763.864_none_05b3441807210760\COMCTL32.dll
0x00007ff806de0000 - 0x00007ff80710c000 	C:\Windows\System32\combase.dll
0x00007ff803570000 - 0x00007ff8035ee000 	C:\Windows\System32\bcryptPrimitives.dll
0x00007ff804840000 - 0x00007ff80486e000 	C:\Windows\System32\IMM32.DLL
0x0000000064f10000 - 0x0000000064fe2000 	C:\Program Files\Java\jdk1.8.0_131\jre\bin\msvcr100.dll
0x0000000063350000 - 0x0000000063bec000 	C:\Program Files\Java\jdk1.8.0_131\jre\bin\server\jvm.dll
0x00007ff804200000 - 0x00007ff804224000 	C:\Windows\System32\WINMM.dll
0x00007ff803520000 - 0x00007ff80354d000 	C:\Windows\System32\WINMMBASE.dll
0x00007ff8035f0000 - 0x00007ff80363a000 	C:\Windows\System32\cfgmgr32.dll
0x00007ff807630000 - 0x00007ff807638000 	C:\Windows\System32\PSAPI.DLL
0x00007ffff0340000 - 0x00007ffff0349000 	C:\Windows\SYSTEM32\WSOCK32.dll
0x00007ff806a40000 - 0x00007ff806aad000 	C:\Windows\System32\WS2_32.dll
0x00007ffff8d90000 - 0x00007ffff8d9a000 	C:\Windows\SYSTEM32\VERSION.dll
0x0000000064f00000 - 0x0000000064f0f000 	C:\Program Files\Java\jdk1.8.0_131\jre\bin\verify.dll
0x0000000064ed0000 - 0x0000000064ef9000 	C:\Program Files\Java\jdk1.8.0_131\jre\bin\java.dll
0x0000000064e30000 - 0x0000000064e53000 	C:\Program Files\Java\jdk1.8.0_131\jre\bin\instrument.dll
0x0000000064eb0000 - 0x0000000064ec6000 	C:\Program Files\Java\jdk1.8.0_131\jre\bin\zip.dll

VM Arguments:
jvm_args: -XX:TieredStopAtLevel=1 -Xverify:none -Dspring.output.ansi.enabled=always -Dcom.sun.management.jmxremote -Dspring.jmx.enabled=true -Dspring.liveBeansView.mbeanDomain -Dspring.application.admin.enabled=true -javaagent:C:\Program Files\JetBrains\IntelliJ IDEA 2019.2.4\lib\idea_rt.jar=49652:C:\Program Files\JetBrains\IntelliJ IDEA 2019.2.4\bin -Dfile.encoding=UTF-8 
java_command: com.csw.Application
java_class_path (initial): C:\Program Files\Java\jdk1.8.0_131\jre\lib\charsets.jar;C:\Program Files\Java\jdk1.8.0_131\jre\lib\deploy.jar;C:\Program Files\Java\jdk1.8.0_131\jre\lib\ext\access-bridge-64.jar;C:\Program Files\Java\jdk1.8.0_131\jre\lib\ext\cldrdata.jar;C:\Program Files\Java\jdk1.8.0_131\jre\lib\ext\dnsns.jar;C:\Program Files\Java\jdk1.8.0_131\jre\lib\ext\jaccess.jar;C:\Program Files\Java\jdk1.8.0_131\jre\lib\ext\jfxrt.jar;C:\Program Files\Java\jdk1.8.0_131\jre\lib\ext\localedata.jar;C:\Program Files\Java\jdk1.8.0_131\jre\lib\ext\nashorn.jar;C:\Program Files\Java\jdk1.8.0_131\jre\lib\ext\sunec.jar;C:\Program Files\Java\jdk1.8.0_131\jre\lib\ext\sunjce_provider.jar;C:\Program Files\Java\jdk1.8.0_131\jre\lib\ext\sunmscapi.jar;C:\Program Files\Java\jdk1.8.0_131\jre\lib\ext\sunpkcs11.jar;C:\Program Files\Java\jdk1.8.0_131\jre\lib\ext\zipfs.jar;C:\Program Files\Java\jdk1.8.0_131\jre\lib\javaws.jar;C:\Program Files\Java\jdk1.8.0_131\jre\lib\jce.jar;C:\Program Files\Java\jdk1.8.0_131\jre\lib\jfr.jar;C:\Program Files\Java\jdk1.8.0_131\jre\lib\jfxswt.jar;C:\Program Files\Java\jdk1.8.0_131\jre\lib\jsse.jar;C:\Program Files\Java\jdk1.8.0_131\jre\lib\management-agent.jar;C:\Program Files\Java\jdk1.8.0_131\jre\lib\plugin.jar;C:\Program Files\Java\jdk1.8.0_131\jre\lib\resources.jar;C:\Program Files\Java\jdk1.8.0_131\jre\lib\rt.jar;D:\IdeaProjects\RUN\search-rec-sys\target\classes;D:\[jar]\Java\m2\org\springframework\boot\spring-boot-starter-web\2.0.6.RELEASE\spring-boot-starter-web-2.0.6.RELEASE.jar;D:\[jar]\Java\m2\org\springframework\boot\spring-boot-starter\2.0.6.RELEASE\spring-boot-starter-2.0.6.RELEASE.jar;D:\[jar]\Java\m2\org\springframework\boot\spring-boot-starter-logging\2.0.6.RELEASE\spring-boot-starter-logging-2.0.6.RELEASE.jar;D:\[jar]\Java\m2\ch\qos\logback\logback-classic\1.2.3\logback-classic-1.2.3.jar;D:\[jar]\Java\m2\ch\qos\logback\logback-core\1.2.3\logback-core-1.2.3.jar;D:\[jar]\Java\m2\org\apache\logging\log4j\log4j-to-slf4j\2.10.0\log4j-to-slf4j-
Launcher Type: SUN_STANDARD

Environment Variables:
JAVA_HOME=C:\Program Files\Java\jdk1.8.0_131
CLASSPATH=.
PATH=C:\Windows\system32;C:\Windows;C:\Windows\System32\Wbem;C:\Windows\System32\WindowsPowerShell\v1.0\;C:\Windows\System32\OpenSSH\;C:\Program Files (x86)\MySQL\MySQL Server 5.5\bin;C:\Program Files\VanDyke Software\Clients\;C:\Program Files\Java\jdk1.8.0_131\bin;C:\Users\Administrator\AppData\Local\Microsoft\WindowsApps;C:\Program Files\Bandizip\;
USERNAME=Administrator
OS=Windows_NT
PROCESSOR_IDENTIFIER=Intel64 Family 6 Model 92 Stepping 9, GenuineIntel



---------------  S Y S T E M  ---------------

OS: Windows 10.0 , 64 bit Build 17763 (10.0.17763.475)

CPU:total 4 (initial active 4) (4 cores per cpu, 1 threads per core) family 6 model 92 stepping 9, cmov, cx8, fxsr, mmx, sse, sse2, sse3, ssse3, sse4.1, sse4.2, popcnt, aes, clmul, erms, 3dnowpref, tsc, tscinvbit

Memory: 4k page, physical 6120180k(1118888k free), swap 12674316k(5268k free)

vm_info: Java HotSpot(TM) 64-Bit Server VM (25.131-b11) for windows-amd64 JRE (1.8.0_131-b11), built on Mar 15 2017 01:23:53 by "java_re" with MS VC++ 10.0 (VS2010)

time: Thu Nov 21 16:42:58 2019
elapsed time: 0 seconds (0d 0h 0m 0s)

